2024-06-18T12:00:00.264Z [32minfo[39m: Start Transaction Cleaning Process...
2024-06-18T12:00:00.637Z [32minfo[39m: Stop Transaction Cleaning Process...
2024-06-18T12:15:00.232Z [32minfo[39m: Start Transaction Cleaning Process...
2024-06-18T12:15:00.514Z [32minfo[39m: Stop Transaction Cleaning Process...
2024-06-18T12:30:00.082Z [32minfo[39m: Start Transaction Cleaning Process...
2024-06-18T12:30:00.377Z [32minfo[39m: Stop Transaction Cleaning Process...
2024-06-18T12:45:00.881Z [32minfo[39m: Start Transaction Cleaning Process...
2024-06-18T12:45:01.148Z [32minfo[39m: Stop Transaction Cleaning Process...
2024-06-18T13:00:00.693Z [32minfo[39m: Start Transaction Cleaning Process...
2024-06-18T13:00:00.987Z [32minfo[39m: Stop Transaction Cleaning Process...
2024-06-18T13:15:00.663Z [32minfo[39m: Start Transaction Cleaning Process...
2024-06-18T13:15:00.867Z [32minfo[39m: Stop Transaction Cleaning Process...
2024-06-18T13:30:00.436Z [32minfo[39m: Start Transaction Cleaning Process...
2024-06-18T13:30:00.914Z [32minfo[39m: Stop Transaction Cleaning Process...
2024-06-18T13:45:00.669Z [32minfo[39m: Start Transaction Cleaning Process...
2024-06-18T13:45:00.837Z [32minfo[39m: Stop Transaction Cleaning Process...
2024-06-18T16:00:00.400Z [32minfo[39m: Start Transaction Cleaning Process...
2024-06-18T16:00:30.615Z [32minfo[39m: Stop Transaction Cleaning Process...
2024-06-18T16:15:00.022Z [32minfo[39m: Start Transaction Cleaning Process...
2024-06-18T16:15:30.028Z [32minfo[39m: Stop Transaction Cleaning Process...
2024-06-18T16:30:00.057Z [32minfo[39m: Start Transaction Cleaning Process...
2024-06-18T16:30:01.331Z [32minfo[39m: Stop Transaction Cleaning Process...
2024-06-18T16:45:00.839Z [32minfo[39m: Start Transaction Cleaning Process...
2024-06-18T16:45:01.248Z [32minfo[39m: Stop Transaction Cleaning Process...
2024-06-18T17:00:00.078Z [32minfo[39m: Start Transaction Cleaning Process...
2024-06-18T17:00:00.241Z [32minfo[39m: Stop Transaction Cleaning Process...
2024-06-18T17:15:00.051Z [32minfo[39m: Start Transaction Cleaning Process...
2024-06-18T17:15:00.580Z [32minfo[39m: Stop Transaction Cleaning Process...
2024-06-18T17:30:00.394Z [32minfo[39m: Start Transaction Cleaning Process...
2024-06-18T17:30:00.792Z [32minfo[39m: Stop Transaction Cleaning Process...
2024-06-18T17:45:00.224Z [32minfo[39m: Start Transaction Cleaning Process...
2024-06-18T17:45:00.400Z [32minfo[39m: Stop Transaction Cleaning Process...
2024-06-18T18:00:00.543Z [32minfo[39m: Start Transaction Cleaning Process...
2024-06-18T18:00:00.790Z [32minfo[39m: Stop Transaction Cleaning Process...
2024-06-18T18:15:00.298Z [32minfo[39m: Start Transaction Cleaning Process...
2024-06-18T18:15:00.488Z [32minfo[39m: Stop Transaction Cleaning Process...
2024-06-18T18:30:00.030Z [32minfo[39m: Start Transaction Cleaning Process...
2024-06-18T18:30:00.235Z [32minfo[39m: Stop Transaction Cleaning Process...
2024-06-18T18:45:00.743Z [32minfo[39m: Start Transaction Cleaning Process...
2024-06-18T18:45:01.081Z [32minfo[39m: Stop Transaction Cleaning Process...
2024-06-18T19:00:00.734Z [32minfo[39m: Start Transaction Cleaning Process...
2024-06-18T19:00:00.978Z [32minfo[39m: Stop Transaction Cleaning Process...
2024-06-18T19:15:00.463Z [32minfo[39m: Start Transaction Cleaning Process...
2024-06-18T19:15:00.879Z [32minfo[39m: Stop Transaction Cleaning Process...
2024-06-18T19:30:00.390Z [32minfo[39m: Start Transaction Cleaning Process...
2024-06-18T19:30:00.542Z [32minfo[39m: Stop Transaction Cleaning Process...
2024-06-18T19:45:00.078Z [32minfo[39m: Start Transaction Cleaning Process...
2024-06-18T19:45:00.403Z [32minfo[39m: Stop Transaction Cleaning Process...
2024-06-18T20:00:00.818Z [32minfo[39m: Start Transaction Cleaning Process...
2024-06-18T20:00:03.336Z [32minfo[39m: Stop Transaction Cleaning Process...
2024-06-18T20:15:00.330Z [32minfo[39m: Start Transaction Cleaning Process...
2024-06-18T20:15:00.555Z [32minfo[39m: Stop Transaction Cleaning Process...
2024-06-18T20:30:00.478Z [32minfo[39m: Start Transaction Cleaning Process...
2024-06-18T20:30:00.649Z [32minfo[39m: Stop Transaction Cleaning Process...
2024-06-18T20:45:00.169Z [32minfo[39m: Start Transaction Cleaning Process...
2024-06-18T20:45:00.319Z [32minfo[39m: Stop Transaction Cleaning Process...
2024-06-18T21:00:00.123Z [32minfo[39m: Start Transaction Cleaning Process...
2024-06-18T21:00:00.358Z [32minfo[39m: Stop Transaction Cleaning Process...
2024-06-18T21:15:00.863Z [32minfo[39m: Start Transaction Cleaning Process...
2024-06-18T21:15:01.120Z [32minfo[39m: Stop Transaction Cleaning Process...
2024-06-18T21:30:00.665Z [32minfo[39m: Start Transaction Cleaning Process...
2024-06-18T21:30:00.835Z [32minfo[39m: Stop Transaction Cleaning Process...
2024-06-19T12:15:00.699Z [32minfo[39m: Start Transaction Cleaning Process...
2024-06-19T12:15:00.852Z [32minfo[39m: Stop Transaction Cleaning Process...
2024-06-19T12:30:00.439Z [32minfo[39m: Start Transaction Cleaning Process...
2024-06-19T12:30:00.715Z [32minfo[39m: Stop Transaction Cleaning Process...
2024-06-19T12:45:00.125Z [32minfo[39m: Start Transaction Cleaning Process...
2024-06-19T12:45:00.276Z [32minfo[39m: Stop Transaction Cleaning Process...
2024-06-19T13:00:00.828Z [32minfo[39m: Start Transaction Cleaning Process...
2024-06-19T13:00:01.076Z [32minfo[39m: Stop Transaction Cleaning Process...
2024-06-19T13:15:00.545Z [32minfo[39m: Start Transaction Cleaning Process...
2024-06-19T13:15:00.714Z [32minfo[39m: Stop Transaction Cleaning Process...
2024-06-19T13:30:00.311Z [32minfo[39m: Start Transaction Cleaning Process...
2024-06-19T13:30:00.461Z [32minfo[39m: Stop Transaction Cleaning Process...
2024-06-19T13:45:00.029Z [32minfo[39m: Start Transaction Cleaning Process...
2024-06-19T13:45:00.839Z [32minfo[39m: Stop Transaction Cleaning Process...
2024-06-19T14:00:00.797Z [32minfo[39m: Start Transaction Cleaning Process...
2024-06-19T14:00:00.936Z [32minfo[39m: Stop Transaction Cleaning Process...
2024-06-19T14:15:00.550Z [32minfo[39m: Start Transaction Cleaning Process...
2024-06-19T14:15:00.835Z [32minfo[39m: Stop Transaction Cleaning Process...
2024-06-19T14:30:00.277Z [32minfo[39m: Start Transaction Cleaning Process...
2024-06-19T14:30:00.503Z [32minfo[39m: Stop Transaction Cleaning Process...
2024-06-19T14:43:50.954Z [32minfo[39m: User test36a6dd28-e14c-4f64-b8d4-135f6c9cf3fc@ngreen.usr is making a transaction credit of 1500 with wallet number 697023220
2024-06-19T14:43:53.052Z [32minfo[39m: User test36a6dd28-e14c-4f64-b8d4-135f6c9cf3fc@ngreen.usr is creating an order of 1000 with wallet number 697023220
2024-06-19T14:43:57.550Z [32minfo[39m: Transaction amount: 1000
2024-06-19T14:43:57.551Z [32minfo[39m: Admin share: 700
2024-06-19T14:43:57.551Z [32minfo[39m: Carrier share: 300
2024-06-19T14:43:59.019Z [32minfo[39m: Order status updated to: delivered, Transaction status updated to: completed
2024-06-19T14:44:17.610Z [32minfo[39m: User testd3cf723e-4da0-4487-8bae-511d9dc706d2@ngreen.usr is making a transaction credit of 1500 with wallet number 625863384
2024-06-19T14:44:20.693Z [32minfo[39m: User testd3cf723e-4da0-4487-8bae-511d9dc706d2@ngreen.usr is creating an order of 1000 with wallet number 625863384
2024-06-19T14:44:24.384Z [32minfo[39m: Transaction amount: 1000
2024-06-19T14:44:24.387Z [32minfo[39m: Admin share: 700
2024-06-19T14:44:24.387Z [32minfo[39m: Carrier share: 300
2024-06-19T14:44:26.411Z [32minfo[39m: Order status updated to: delivered, Transaction status updated to: completed
2024-06-19T14:45:00.029Z [32minfo[39m: Start Transaction Cleaning Process...
2024-06-19T14:45:00.167Z [32minfo[39m: Stop Transaction Cleaning Process...
2024-06-19T14:45:03.630Z [32minfo[39m: User testf81d116e-931a-4cd0-bef4-ff7913cea3a0@ngreen.usr is making a transaction credit of 1500 with wallet number 955668712
2024-06-19T14:45:05.017Z [32minfo[39m: User testf81d116e-931a-4cd0-bef4-ff7913cea3a0@ngreen.usr is creating an order of 1000 with wallet number 955668712
2024-06-19T14:45:08.052Z [32minfo[39m: Transaction amount: 1000
2024-06-19T14:45:08.052Z [32minfo[39m: Admin share: 700
2024-06-19T14:45:08.053Z [32minfo[39m: Carrier share: 300
2024-06-19T14:45:09.136Z [32minfo[39m: Order status updated to: delivered, Transaction status updated to: completed
2024-06-19T14:45:46.086Z [32minfo[39m: User testebeb5f6e-28f3-4f5a-aedb-f435c5363d4c@ngreen.usr is making a transaction credit of 1500 with wallet number 354586468
2024-06-19T14:45:47.509Z [32minfo[39m: User testebeb5f6e-28f3-4f5a-aedb-f435c5363d4c@ngreen.usr is creating an order of 1000 with wallet number 354586468
2024-06-19T14:45:51.732Z [32minfo[39m: Transaction amount: 1000
2024-06-19T14:45:51.733Z [32minfo[39m: Admin share: 700
2024-06-19T14:45:51.733Z [32minfo[39m: Carrier share: 300
2024-06-19T14:45:53.466Z [32minfo[39m: Order status updated to: delivered, Transaction status updated to: completed
2024-06-19T15:00:00.067Z [32minfo[39m: Start Transaction Cleaning Process...
2024-06-19T15:00:00.266Z [32minfo[39m: Stop Transaction Cleaning Process...
2024-06-19T15:15:00.087Z [32minfo[39m: Start Transaction Cleaning Process...
2024-06-19T15:15:00.236Z [32minfo[39m: Stop Transaction Cleaning Process...
2024-06-19T15:30:00.862Z [32minfo[39m: Start Transaction Cleaning Process...
2024-06-19T15:30:01.016Z [32minfo[39m: Stop Transaction Cleaning Process...
2024-06-19T15:45:00.196Z [32minfo[39m: Start Transaction Cleaning Process...
2024-06-19T15:45:00.371Z [32minfo[39m: Stop Transaction Cleaning Process...
2024-06-19T16:00:00.914Z [32minfo[39m: Start Transaction Cleaning Process...
2024-06-19T16:00:01.058Z [32minfo[39m: Stop Transaction Cleaning Process...
2024-06-19T16:15:00.603Z [32minfo[39m: Start Transaction Cleaning Process...
2024-06-19T16:15:00.800Z [32minfo[39m: Stop Transaction Cleaning Process...
2024-06-19T16:30:00.315Z [32minfo[39m: Start Transaction Cleaning Process...
2024-06-19T16:30:00.501Z [32minfo[39m: Stop Transaction Cleaning Process...
2024-06-19T16:45:00.001Z [32minfo[39m: Start Transaction Cleaning Process...
2024-06-19T16:45:00.152Z [32minfo[39m: Stop Transaction Cleaning Process...
2024-06-19T17:00:00.718Z [32minfo[39m: Start Transaction Cleaning Process...
2024-06-19T17:00:00.999Z [32minfo[39m: Stop Transaction Cleaning Process...
2024-06-19T17:15:00.467Z [32minfo[39m: Start Transaction Cleaning Process...
2024-06-19T17:15:00.629Z [32minfo[39m: Stop Transaction Cleaning Process...
2024-06-19T17:30:00.144Z [32minfo[39m: Start Transaction Cleaning Process...
2024-06-19T17:30:00.336Z [32minfo[39m: Stop Transaction Cleaning Process...
2024-06-19T17:45:00.881Z [32minfo[39m: Start Transaction Cleaning Process...
2024-06-19T17:45:01.035Z [32minfo[39m: Stop Transaction Cleaning Process...
2024-06-19T18:00:00.572Z [32minfo[39m: Start Transaction Cleaning Process...
2024-06-19T18:00:00.717Z [32minfo[39m: Stop Transaction Cleaning Process...
2024-06-20T07:45:00.148Z [32minfo[39m: Start Transaction Cleaning Process...
2024-06-20T07:45:00.448Z [32minfo[39m: Stop Transaction Cleaning Process...
2024-06-20T08:00:00.922Z [32minfo[39m: Start Transaction Cleaning Process...
2024-06-20T08:00:01.140Z [32minfo[39m: Stop Transaction Cleaning Process...
2024-06-20T11:30:00.666Z [32minfo[39m: Start Transaction Cleaning Process...
2024-06-20T11:30:00.855Z [32minfo[39m: Stop Transaction Cleaning Process...
2024-06-20T11:45:00.507Z [32minfo[39m: Start Transaction Cleaning Process...
2024-06-20T11:45:00.763Z [32minfo[39m: Stop Transaction Cleaning Process...
2024-06-20T12:00:00.263Z [32minfo[39m: Start Transaction Cleaning Process...
2024-06-20T12:00:00.661Z [32minfo[39m: Stop Transaction Cleaning Process...
2024-06-20T12:15:00.092Z [32minfo[39m: Start Transaction Cleaning Process...
2024-06-20T12:15:00.997Z [32minfo[39m: Stop Transaction Cleaning Process...
2024-06-20T12:30:00.350Z [32minfo[39m: Start Transaction Cleaning Process...
2024-06-20T12:30:00.526Z [32minfo[39m: Stop Transaction Cleaning Process...
2024-06-20T12:45:00.291Z [32minfo[39m: Start Transaction Cleaning Process...
2024-06-20T12:45:00.450Z [32minfo[39m: Stop Transaction Cleaning Process...
2024-06-20T13:00:00.020Z [32minfo[39m: Start Transaction Cleaning Process...
2024-06-20T13:00:00.221Z [32minfo[39m: Stop Transaction Cleaning Process...
2024-06-20T13:15:00.752Z [32minfo[39m: Start Transaction Cleaning Process...
2024-06-20T13:15:01.014Z [32minfo[39m: Stop Transaction Cleaning Process...
2024-06-20T13:30:00.528Z [32minfo[39m: Start Transaction Cleaning Process...
2024-06-20T13:30:00.784Z [32minfo[39m: Stop Transaction Cleaning Process...
2024-06-20T13:45:00.386Z [32minfo[39m: Start Transaction Cleaning Process...
2024-06-20T13:45:00.566Z [32minfo[39m: Stop Transaction Cleaning Process...
2024-06-20T14:00:00.133Z [32minfo[39m: Start Transaction Cleaning Process...
2024-06-20T14:00:00.288Z [32minfo[39m: Stop Transaction Cleaning Process...
2024-06-20T14:45:00.880Z [32minfo[39m: Start Transaction Cleaning Process...
2024-06-20T14:45:31.027Z [32minfo[39m: Stop Transaction Cleaning Process...
2024-06-20T15:00:00.084Z [32minfo[39m: Start Transaction Cleaning Process...
2024-06-20T15:00:06.406Z [32minfo[39m: Stop Transaction Cleaning Process...
2024-06-20T15:15:00.488Z [32minfo[39m: Start Transaction Cleaning Process...
2024-06-20T15:15:15.731Z [32minfo[39m: Stop Transaction Cleaning Process...
2024-06-20T15:30:00.315Z [32minfo[39m: Start Transaction Cleaning Process...
2024-06-20T15:30:00.828Z [32minfo[39m: Stop Transaction Cleaning Process...
2024-06-20T17:00:00.150Z [32minfo[39m: Start Transaction Cleaning Process...
2024-06-20T17:00:00.507Z [32minfo[39m: Stop Transaction Cleaning Process...
2024-06-20T17:15:00.901Z [32minfo[39m: Start Transaction Cleaning Process...
2024-06-20T17:15:01.089Z [32minfo[39m: Stop Transaction Cleaning Process...
2024-06-20T17:30:00.687Z [32minfo[39m: Start Transaction Cleaning Process...
2024-06-20T17:30:01.187Z [32minfo[39m: Stop Transaction Cleaning Process...
2024-06-20T17:45:00.600Z [32minfo[39m: Start Transaction Cleaning Process...
2024-06-20T17:45:01.003Z [32minfo[39m: Stop Transaction Cleaning Process...
2024-06-20T18:00:00.366Z [32minfo[39m: Start Transaction Cleaning Process...
2024-06-20T18:00:30.435Z [32minfo[39m: Stop Transaction Cleaning Process...
2024-06-20T18:15:00.397Z [32minfo[39m: Start Transaction Cleaning Process...
2024-06-20T18:15:30.401Z [32minfo[39m: Stop Transaction Cleaning Process...
2024-06-20T18:30:00.176Z [32minfo[39m: Start Transaction Cleaning Process...
2024-06-20T18:30:00.355Z [32minfo[39m: Stop Transaction Cleaning Process...
2024-06-20T18:45:00.069Z [32minfo[39m: Start Transaction Cleaning Process...
2024-06-20T18:45:00.239Z [32minfo[39m: Stop Transaction Cleaning Process...
2024-06-20T19:00:00.909Z [32minfo[39m: Start Transaction Cleaning Process...
2024-06-20T19:00:01.101Z [32minfo[39m: Stop Transaction Cleaning Process...
2024-06-20T19:15:00.698Z [32minfo[39m: Start Transaction Cleaning Process...
2024-06-20T19:15:01.051Z [32minfo[39m: Stop Transaction Cleaning Process...
2024-06-20T19:30:00.461Z [32minfo[39m: Start Transaction Cleaning Process...
2024-06-20T19:30:00.626Z [32minfo[39m: Stop Transaction Cleaning Process...
2024-06-20T19:45:00.264Z [32minfo[39m: Start Transaction Cleaning Process...
2024-06-20T19:45:00.598Z [32minfo[39m: Stop Transaction Cleaning Process...
2024-06-20T20:00:00.108Z [32minfo[39m: Start Transaction Cleaning Process...
2024-06-20T20:00:00.289Z [32minfo[39m: Stop Transaction Cleaning Process...
2024-06-20T20:15:00.961Z [32minfo[39m: Start Transaction Cleaning Process...
2024-06-20T20:15:01.138Z [32minfo[39m: Stop Transaction Cleaning Process...
2024-06-20T20:30:00.766Z [32minfo[39m: Start Transaction Cleaning Process...
2024-06-20T20:30:00.909Z [32minfo[39m: Stop Transaction Cleaning Process...
2024-06-20T20:45:00.562Z [32minfo[39m: Start Transaction Cleaning Process...
2024-06-20T20:45:00.735Z [32minfo[39m: Stop Transaction Cleaning Process...
2024-06-20T21:00:00.750Z [32minfo[39m: Start Transaction Cleaning Process...
2024-06-20T21:00:06.862Z [32minfo[39m: Stop Transaction Cleaning Process...
2024-06-20T21:15:00.695Z [32minfo[39m: Start Transaction Cleaning Process...
2024-06-20T21:15:01.188Z [32minfo[39m: Stop Transaction Cleaning Process...
2024-06-20T21:30:00.514Z [32minfo[39m: Start Transaction Cleaning Process...
2024-06-20T21:30:00.686Z [32minfo[39m: Stop Transaction Cleaning Process...
2024-06-20T21:45:00.324Z [32minfo[39m: Start Transaction Cleaning Process...
2024-06-20T21:45:00.528Z [32minfo[39m: Stop Transaction Cleaning Process...
2024-06-20T22:00:00.141Z [32minfo[39m: Start Transaction Cleaning Process...
2024-06-20T22:00:00.312Z [32minfo[39m: Stop Transaction Cleaning Process...
2024-06-20T22:15:00.022Z [32minfo[39m: Start Transaction Cleaning Process...
2024-06-20T22:15:00.315Z [32minfo[39m: Stop Transaction Cleaning Process...
2024-06-20T22:30:00.901Z [32minfo[39m: Start Transaction Cleaning Process...
2024-06-20T22:30:01.053Z [32minfo[39m: Stop Transaction Cleaning Process...
2024-06-21T10:30:00.468Z [32minfo[39m: Start Transaction Cleaning Process...
2024-06-21T10:30:30.489Z [32minfo[39m: Stop Transaction Cleaning Process...
2024-06-21T10:45:00.345Z [32minfo[39m: Start Transaction Cleaning Process...
2024-06-21T10:45:02.174Z [32minfo[39m: Stop Transaction Cleaning Process...
2024-06-21T11:00:00.066Z [32minfo[39m: Start Transaction Cleaning Process...
2024-06-21T11:00:00.356Z [32minfo[39m: Stop Transaction Cleaning Process...
2024-06-21T11:15:00.968Z [32minfo[39m: Start Transaction Cleaning Process...
2024-06-21T11:15:01.105Z [32minfo[39m: Stop Transaction Cleaning Process...
2024-06-21T11:30:00.838Z [32minfo[39m: Start Transaction Cleaning Process...
2024-06-21T11:30:01.065Z [32minfo[39m: Stop Transaction Cleaning Process...
2024-06-21T11:45:00.696Z [32minfo[39m: Start Transaction Cleaning Process...
2024-06-21T11:45:00.855Z [32minfo[39m: Stop Transaction Cleaning Process...
2024-06-21T12:00:00.505Z [32minfo[39m: Start Transaction Cleaning Process...
2024-06-21T12:00:00.906Z [32minfo[39m: Stop Transaction Cleaning Process...
2024-06-21T12:15:00.342Z [32minfo[39m: Start Transaction Cleaning Process...
2024-06-21T12:15:00.553Z [32minfo[39m: Stop Transaction Cleaning Process...
2024-06-21T12:30:00.191Z [32minfo[39m: Start Transaction Cleaning Process...
2024-06-21T12:30:00.694Z [32minfo[39m: Stop Transaction Cleaning Process...
2024-06-21T12:45:00.530Z [32minfo[39m: Start Transaction Cleaning Process...
2024-06-21T12:45:00.696Z [32minfo[39m: Stop Transaction Cleaning Process...
2024-06-21T13:00:00.307Z [32minfo[39m: Start Transaction Cleaning Process...
2024-06-21T13:00:00.500Z [32minfo[39m: Stop Transaction Cleaning Process...
2024-06-21T13:15:00.068Z [32minfo[39m: Start Transaction Cleaning Process...
2024-06-21T13:15:00.735Z [32minfo[39m: Stop Transaction Cleaning Process...
2024-06-21T13:30:00.916Z [32minfo[39m: Start Transaction Cleaning Process...
2024-06-21T13:30:01.275Z [32minfo[39m: Stop Transaction Cleaning Process...
2024-06-21T13:45:00.750Z [32minfo[39m: Start Transaction Cleaning Process...
2024-06-21T13:45:00.915Z [32minfo[39m: Stop Transaction Cleaning Process...
2024-06-21T14:00:00.523Z [32minfo[39m: Start Transaction Cleaning Process...
2024-06-21T14:00:00.796Z [32minfo[39m: Stop Transaction Cleaning Process...
2024-06-21T14:15:00.319Z [32minfo[39m: Start Transaction Cleaning Process...
2024-06-21T14:15:00.522Z [32minfo[39m: Stop Transaction Cleaning Process...
2024-06-21T14:30:00.129Z [32minfo[39m: Start Transaction Cleaning Process...
2024-06-21T14:30:00.309Z [32minfo[39m: Stop Transaction Cleaning Process...
2024-06-21T14:45:00.945Z [32minfo[39m: Start Transaction Cleaning Process...
2024-06-21T14:45:01.351Z [32minfo[39m: Stop Transaction Cleaning Process...
2024-06-21T15:00:00.743Z [32minfo[39m: Start Transaction Cleaning Process...
2024-06-21T15:00:02.021Z [32minfo[39m: Stop Transaction Cleaning Process...
2024-06-21T15:15:00.620Z [32minfo[39m: Start Transaction Cleaning Process...
2024-06-21T15:15:00.852Z [32minfo[39m: Stop Transaction Cleaning Process...
2024-06-21T15:30:00.476Z [32minfo[39m: Start Transaction Cleaning Process...
2024-06-21T15:30:01.192Z [32minfo[39m: Stop Transaction Cleaning Process...
2024-06-21T16:30:00.360Z [32minfo[39m: Start Transaction Cleaning Process...
2024-06-21T16:30:30.396Z [32minfo[39m: Stop Transaction Cleaning Process...
2024-06-21T16:45:00.282Z [32minfo[39m: Start Transaction Cleaning Process...
2024-06-21T16:45:30.285Z [32minfo[39m: Stop Transaction Cleaning Process...
2024-06-21T17:00:00.216Z [32minfo[39m: Start Transaction Cleaning Process...
2024-06-21T17:00:30.220Z [32minfo[39m: Stop Transaction Cleaning Process...
2024-06-21T17:15:00.149Z [32minfo[39m: Start Transaction Cleaning Process...
2024-06-21T17:15:30.152Z [32minfo[39m: Stop Transaction Cleaning Process...
2024-06-21T17:30:00.020Z [32minfo[39m: Start Transaction Cleaning Process...
2024-06-21T17:30:30.024Z [32minfo[39m: Stop Transaction Cleaning Process...
2024-06-21T17:45:00.364Z [32minfo[39m: Start Transaction Cleaning Process...
2024-06-21T17:45:01.630Z [32minfo[39m: Stop Transaction Cleaning Process...
2024-06-21T18:00:00.234Z [32minfo[39m: Start Transaction Cleaning Process...
2024-06-21T18:00:00.412Z [32minfo[39m: Stop Transaction Cleaning Process...
2024-06-21T18:15:00.366Z [32minfo[39m: Start Transaction Cleaning Process...
2024-06-21T18:15:00.586Z [32minfo[39m: Stop Transaction Cleaning Process...
2024-06-21T18:30:00.225Z [32minfo[39m: Start Transaction Cleaning Process...
2024-06-21T18:30:00.405Z [32minfo[39m: Stop Transaction Cleaning Process...
2024-06-21T18:45:00.557Z [32minfo[39m: Start Transaction Cleaning Process...
2024-06-21T18:45:00.878Z [32minfo[39m: Stop Transaction Cleaning Process...
2024-06-21T19:00:00.669Z [32minfo[39m: Start Transaction Cleaning Process...
2024-06-21T19:00:00.870Z [32minfo[39m: Stop Transaction Cleaning Process...
2024-06-21T19:15:00.347Z [32minfo[39m: Start Transaction Cleaning Process...
2024-06-21T19:15:30.371Z [32minfo[39m: Stop Transaction Cleaning Process...
2024-06-21T19:30:00.231Z [32minfo[39m: Start Transaction Cleaning Process...
2024-06-21T19:30:30.234Z [32minfo[39m: Stop Transaction Cleaning Process...
2024-06-21T19:45:00.918Z [32minfo[39m: Start Transaction Cleaning Process...
2024-06-21T19:45:30.921Z [32minfo[39m: Stop Transaction Cleaning Process...
2024-06-21T20:00:00.539Z [32minfo[39m: Start Transaction Cleaning Process...
2024-06-21T20:00:30.543Z [32minfo[39m: Stop Transaction Cleaning Process...
2024-06-21T20:15:00.299Z [32minfo[39m: Start Transaction Cleaning Process...
2024-06-21T20:15:30.302Z [32minfo[39m: Stop Transaction Cleaning Process...
2024-06-21T20:30:00.146Z [32minfo[39m: Start Transaction Cleaning Process...
2024-06-21T20:30:30.149Z [32minfo[39m: Stop Transaction Cleaning Process...
2024-06-21T20:45:00.881Z [32minfo[39m: Start Transaction Cleaning Process...
2024-06-21T20:45:30.885Z [32minfo[39m: Stop Transaction Cleaning Process...
2024-06-21T21:00:00.543Z [32minfo[39m: Start Transaction Cleaning Process...
2024-06-21T21:00:30.546Z [32minfo[39m: Stop Transaction Cleaning Process...
2024-06-21T21:15:00.286Z [32minfo[39m: Start Transaction Cleaning Process...
2024-06-21T21:15:30.289Z [32minfo[39m: Stop Transaction Cleaning Process...
2024-06-21T21:30:00.131Z [32minfo[39m: Start Transaction Cleaning Process...
2024-06-21T21:30:30.136Z [32minfo[39m: Stop Transaction Cleaning Process...
2024-06-21T21:45:00.934Z [32minfo[39m: Start Transaction Cleaning Process...
2024-06-21T21:45:01.091Z [32minfo[39m: Stop Transaction Cleaning Process...
2024-06-21T22:00:00.889Z [32minfo[39m: Start Transaction Cleaning Process...
2024-06-21T22:00:01.195Z [32minfo[39m: Stop Transaction Cleaning Process...
2024-06-21T22:15:00.740Z [32minfo[39m: Start Transaction Cleaning Process...
2024-06-21T22:15:00.966Z [32minfo[39m: Stop Transaction Cleaning Process...
2024-06-21T22:30:00.528Z [32minfo[39m: Start Transaction Cleaning Process...
2024-06-21T22:30:00.883Z [32minfo[39m: Stop Transaction Cleaning Process...
2024-06-21T22:45:00.326Z [32minfo[39m: Start Transaction Cleaning Process...
2024-06-21T22:45:00.499Z [32minfo[39m: Stop Transaction Cleaning Process...
2024-06-22T09:45:00.189Z [32minfo[39m: Start Transaction Cleaning Process...
2024-06-22T09:45:00.615Z [32minfo[39m: Stop Transaction Cleaning Process...
2024-06-22T10:00:00.131Z [32minfo[39m: Start Transaction Cleaning Process...
2024-06-22T10:00:00.343Z [32minfo[39m: Stop Transaction Cleaning Process...
2024-06-22T10:15:00.841Z [32minfo[39m: Start Transaction Cleaning Process...
2024-06-22T10:15:00.997Z [32minfo[39m: Stop Transaction Cleaning Process...
2024-06-22T10:30:00.583Z [32minfo[39m: Start Transaction Cleaning Process...
2024-06-22T10:30:00.763Z [32minfo[39m: Stop Transaction Cleaning Process...
2024-06-22T10:45:00.303Z [32minfo[39m: Start Transaction Cleaning Process...
2024-06-22T10:45:00.670Z [32minfo[39m: Stop Transaction Cleaning Process...
2024-06-22T11:00:00.035Z [32minfo[39m: Start Transaction Cleaning Process...
2024-06-22T11:00:00.201Z [32minfo[39m: Stop Transaction Cleaning Process...
2024-06-22T11:45:00.156Z [32minfo[39m: Start Transaction Cleaning Process...
2024-06-22T11:45:00.336Z [32minfo[39m: Stop Transaction Cleaning Process...
2024-06-22T12:00:00.046Z [32minfo[39m: Start Transaction Cleaning Process...
2024-06-22T12:00:30.958Z [32minfo[39m: Stop Transaction Cleaning Process...
2024-06-22T12:15:00.474Z [32minfo[39m: Start Transaction Cleaning Process...
2024-06-22T12:15:30.928Z [32minfo[39m: Stop Transaction Cleaning Process...
2024-06-22T12:30:00.478Z [32minfo[39m: Start Transaction Cleaning Process...
2024-06-22T12:30:30.500Z [32minfo[39m: Stop Transaction Cleaning Process...
2024-06-22T12:45:00.423Z [32minfo[39m: Start Transaction Cleaning Process...
2024-06-22T12:45:30.428Z [32minfo[39m: Stop Transaction Cleaning Process...
2024-06-22T13:00:00.371Z [32minfo[39m: Start Transaction Cleaning Process...
2024-06-22T13:00:30.374Z [32minfo[39m: Stop Transaction Cleaning Process...
2024-06-22T13:15:00.100Z [32minfo[39m: Start Transaction Cleaning Process...
2024-06-22T13:15:01.163Z [32minfo[39m: Stop Transaction Cleaning Process...
2024-06-22T13:30:00.933Z [32minfo[39m: Start Transaction Cleaning Process...
2024-06-22T13:30:01.112Z [32minfo[39m: Stop Transaction Cleaning Process...
2024-06-22T14:15:00.884Z [32minfo[39m: Start Transaction Cleaning Process...
2024-06-22T14:15:01.312Z [32minfo[39m: Stop Transaction Cleaning Process...
2024-06-22T14:28:45.409Z [32minfo[39m: User test14b9cf56-df14-40c8-9f08-12e6ab26e744@ngreen.usr is making a transaction credit of 1500 with wallet number 776961949
2024-06-22T14:28:47.369Z [32minfo[39m: User test14b9cf56-df14-40c8-9f08-12e6ab26e744@ngreen.usr is creating an order of 1000 with wallet number 776961949
2024-06-22T14:28:51.469Z [32minfo[39m: Transaction amount: 1000
2024-06-22T14:28:51.470Z [32minfo[39m: Admin share: 700
2024-06-22T14:28:51.470Z [32minfo[39m: Carrier share: 300
2024-06-22T14:28:52.810Z [32minfo[39m: Order status updated to: delivered, Transaction status updated to: completed
2024-06-22T14:29:08.037Z [32minfo[39m: User test093c1e09-11af-4bf0-95a3-eae8377de6f9@ngreen.usr is making a transaction credit of 1500 with wallet number 167364290
2024-06-22T14:29:09.155Z [32minfo[39m: User test093c1e09-11af-4bf0-95a3-eae8377de6f9@ngreen.usr is creating an order of 1000 with wallet number 167364290
2024-06-22T14:29:12.449Z [32minfo[39m: Transaction amount: 1000
2024-06-22T14:29:12.450Z [32minfo[39m: Admin share: 700
2024-06-22T14:29:12.450Z [32minfo[39m: Carrier share: 300
2024-06-22T14:29:13.560Z [32minfo[39m: Order status updated to: delivered, Transaction status updated to: completed
2024-06-22T14:30:00.086Z [32minfo[39m: Start Transaction Cleaning Process...
2024-06-22T14:30:00.262Z [32minfo[39m: Stop Transaction Cleaning Process...
2024-06-22T14:45:00.804Z [32minfo[39m: Start Transaction Cleaning Process...
2024-06-22T14:45:00.964Z [32minfo[39m: Stop Transaction Cleaning Process...
2024-06-22T15:00:00.534Z [32minfo[39m: Start Transaction Cleaning Process...
2024-06-22T15:00:00.757Z [32minfo[39m: Stop Transaction Cleaning Process...
2024-06-22T15:15:00.848Z [32minfo[39m: Start Transaction Cleaning Process...
2024-06-22T15:24:11.705Z [32minfo[39m: User test1a196b34-c356-40de-9cbf-defff6f671dd@ngreen.usr is making a transaction credit of 1500 with wallet number 51803838
2024-06-22T15:24:12.990Z [32minfo[39m: User test1a196b34-c356-40de-9cbf-defff6f671dd@ngreen.usr is creating an order of 1000 with wallet number 51803838
2024-06-22T15:24:16.470Z [32minfo[39m: Transaction amount: 1000
2024-06-22T15:24:16.470Z [32minfo[39m: Admin share: 700
2024-06-22T15:24:16.470Z [32minfo[39m: Carrier share: 300
2024-06-22T15:24:17.725Z [32minfo[39m: Order status updated to: delivered, Transaction status updated to: completed
2024-06-22T15:30:00.630Z [32minfo[39m: Start Transaction Cleaning Process...
2024-06-22T15:30:00.801Z [32minfo[39m: Stop Transaction Cleaning Process...
2024-06-22T15:31:09.640Z [32minfo[39m: Stop Transaction Cleaning Process...
2024-06-22T15:45:00.747Z [32minfo[39m: Start Transaction Cleaning Process...
2024-06-22T15:45:00.962Z [32minfo[39m: Stop Transaction Cleaning Process...
2024-06-22T16:00:00.554Z [32minfo[39m: Start Transaction Cleaning Process...
2024-06-22T16:00:00.924Z [32minfo[39m: Stop Transaction Cleaning Process...
2024-06-22T16:15:00.706Z [32minfo[39m: Start Transaction Cleaning Process...
2024-06-22T16:15:02.552Z [32minfo[39m: Stop Transaction Cleaning Process...
2024-06-22T16:30:00.520Z [32minfo[39m: Start Transaction Cleaning Process...
2024-06-22T16:30:01.002Z [32minfo[39m: Stop Transaction Cleaning Process...
2024-06-22T16:45:01.116Z [32minfo[39m: Start Transaction Cleaning Process...
2024-06-22T16:45:02.828Z [32minfo[39m: Stop Transaction Cleaning Process...
2024-06-22T17:00:00.851Z [32minfo[39m: Start Transaction Cleaning Process...
2024-06-22T17:00:02.333Z [32minfo[39m: Stop Transaction Cleaning Process...
2024-06-22T17:15:00.511Z [32minfo[39m: Start Transaction Cleaning Process...
2024-06-22T17:15:03.179Z [32minfo[39m: Stop Transaction Cleaning Process...
2024-06-22T17:30:00.830Z [32minfo[39m: Start Transaction Cleaning Process...
2024-06-22T17:30:01.917Z [32minfo[39m: Stop Transaction Cleaning Process...
2024-06-22T17:45:00.992Z [32minfo[39m: Start Transaction Cleaning Process...
2024-06-22T17:45:01.446Z [32minfo[39m: Stop Transaction Cleaning Process...
2024-06-22T18:00:00.896Z [32minfo[39m: Start Transaction Cleaning Process...
2024-06-22T18:00:02.835Z [32minfo[39m: Stop Transaction Cleaning Process...
2024-06-22T18:15:00.676Z [32minfo[39m: Start Transaction Cleaning Process...
2024-06-22T18:15:00.855Z [32minfo[39m: Stop Transaction Cleaning Process...
2024-06-22T18:30:00.012Z [32minfo[39m: Start Transaction Cleaning Process...
2024-06-22T18:30:00.613Z [32minfo[39m: Stop Transaction Cleaning Process...
2024-06-22T18:45:00.999Z [32minfo[39m: Start Transaction Cleaning Process...
2024-06-22T18:45:01.149Z [32minfo[39m: Stop Transaction Cleaning Process...
2024-06-22T19:45:00.383Z [32minfo[39m: Start Transaction Cleaning Process...
2024-06-22T19:45:30.481Z [32minfo[39m: Stop Transaction Cleaning Process...
2024-06-23T09:00:00.265Z [32minfo[39m: Start Transaction Cleaning Process...
2024-06-23T09:00:02.104Z [32minfo[39m: Stop Transaction Cleaning Process...
2024-06-23T09:15:00.039Z [32minfo[39m: Start Transaction Cleaning Process...
2024-06-23T09:15:00.386Z [32minfo[39m: Stop Transaction Cleaning Process...
2024-06-23T09:30:00.871Z [32minfo[39m: Start Transaction Cleaning Process...
2024-06-23T09:30:01.042Z [32minfo[39m: Stop Transaction Cleaning Process...
2024-06-23T09:45:00.799Z [32minfo[39m: Start Transaction Cleaning Process...
2024-06-23T09:45:00.966Z [32minfo[39m: Stop Transaction Cleaning Process...
2024-06-23T10:00:00.593Z [32minfo[39m: Start Transaction Cleaning Process...
2024-06-23T10:00:00.741Z [32minfo[39m: Stop Transaction Cleaning Process...
2024-06-23T10:15:00.431Z [32minfo[39m: Start Transaction Cleaning Process...
2024-06-23T10:15:00.585Z [32minfo[39m: Stop Transaction Cleaning Process...
2024-06-23T10:30:00.267Z [32minfo[39m: Start Transaction Cleaning Process...
2024-06-23T10:30:00.454Z [32minfo[39m: Stop Transaction Cleaning Process...
2024-06-23T10:45:00.086Z [32minfo[39m: Start Transaction Cleaning Process...
2024-06-23T10:45:00.243Z [32minfo[39m: Stop Transaction Cleaning Process...
2024-06-23T11:00:00.917Z [32minfo[39m: Start Transaction Cleaning Process...
2024-06-23T11:00:01.077Z [32minfo[39m: Stop Transaction Cleaning Process...
2024-06-23T11:15:00.756Z [32minfo[39m: Start Transaction Cleaning Process...
2024-06-23T11:15:00.916Z [32minfo[39m: Stop Transaction Cleaning Process...
2024-06-23T11:30:00.601Z [32minfo[39m: Start Transaction Cleaning Process...
2024-06-23T11:30:00.859Z [32minfo[39m: Stop Transaction Cleaning Process...
2024-06-23T12:30:00.104Z [32minfo[39m: Start Transaction Cleaning Process...
2024-06-23T12:30:00.373Z [32minfo[39m: Stop Transaction Cleaning Process...
2024-06-23T12:45:00.895Z [32minfo[39m: Start Transaction Cleaning Process...
2024-06-23T12:45:01.078Z [32minfo[39m: Stop Transaction Cleaning Process...
2024-06-23T13:00:00.119Z [32minfo[39m: Start Transaction Cleaning Process...
2024-06-23T13:00:00.437Z [32minfo[39m: Stop Transaction Cleaning Process...
2024-06-23T13:30:00.285Z [32minfo[39m: Start Transaction Cleaning Process...
2024-06-23T13:30:00.480Z [32minfo[39m: Stop Transaction Cleaning Process...
2024-06-23T13:45:00.045Z [32minfo[39m: Start Transaction Cleaning Process...
2024-06-23T13:45:00.208Z [32minfo[39m: Stop Transaction Cleaning Process...
2024-06-23T14:00:00.408Z [32minfo[39m: Start Transaction Cleaning Process...
2024-06-23T14:00:00.587Z [32minfo[39m: Stop Transaction Cleaning Process...
2024-06-23T14:15:00.165Z [32minfo[39m: Start Transaction Cleaning Process...
2024-06-23T14:15:15.089Z [32minfo[39m: Stop Transaction Cleaning Process...
2024-06-23T14:30:00.964Z [32minfo[39m: Start Transaction Cleaning Process...
2024-06-23T14:30:01.180Z [32minfo[39m: Stop Transaction Cleaning Process...
2024-06-23T15:00:00.197Z [32minfo[39m: Start Transaction Cleaning Process...
2024-06-23T15:00:00.429Z [32minfo[39m: Stop Transaction Cleaning Process...
2024-06-23T15:15:00.954Z [32minfo[39m: Start Transaction Cleaning Process...
2024-06-23T15:15:01.327Z [32minfo[39m: Stop Transaction Cleaning Process...
2024-06-23T15:30:00.453Z [32minfo[39m: Start Transaction Cleaning Process...
2024-06-23T15:30:00.703Z [32minfo[39m: Stop Transaction Cleaning Process...
2024-06-23T15:45:00.254Z [32minfo[39m: Start Transaction Cleaning Process...
2024-06-23T15:45:00.451Z [32minfo[39m: Stop Transaction Cleaning Process...
2024-06-23T16:00:00.984Z [32minfo[39m: Start Transaction Cleaning Process...
2024-06-23T16:00:01.545Z [32minfo[39m: Stop Transaction Cleaning Process...
2024-06-24T12:45:00.880Z [32minfo[39m: Start Transaction Cleaning Process...
2024-06-24T12:45:01.201Z [32minfo[39m: Stop Transaction Cleaning Process...
2024-06-24T13:00:00.667Z [32minfo[39m: Start Transaction Cleaning Process...
2024-06-24T13:00:01.626Z [32minfo[39m: Stop Transaction Cleaning Process...
2024-06-24T13:15:00.446Z [32minfo[39m: Start Transaction Cleaning Process...
2024-06-24T13:15:00.664Z [32minfo[39m: Stop Transaction Cleaning Process...
2024-06-24T13:30:00.221Z [32minfo[39m: Start Transaction Cleaning Process...
2024-06-24T13:30:00.445Z [32minfo[39m: Stop Transaction Cleaning Process...
2024-06-24T14:00:00.143Z [32minfo[39m: Start Transaction Cleaning Process...
2024-06-24T14:00:00.410Z [32minfo[39m: Stop Transaction Cleaning Process...
2024-06-24T14:15:00.353Z [32minfo[39m: Start Transaction Cleaning Process...
2024-06-24T14:15:00.550Z [32minfo[39m: Stop Transaction Cleaning Process...
2024-06-24T14:30:00.111Z [32minfo[39m: Start Transaction Cleaning Process...
2024-06-24T14:30:00.341Z [32minfo[39m: Stop Transaction Cleaning Process...
2024-06-24T14:45:00.802Z [32minfo[39m: Start Transaction Cleaning Process...
2024-06-24T14:45:01.008Z [32minfo[39m: Stop Transaction Cleaning Process...
2024-06-24T15:00:00.501Z [32minfo[39m: Start Transaction Cleaning Process...
2024-06-24T15:00:00.700Z [32minfo[39m: Stop Transaction Cleaning Process...
2024-06-24T15:15:00.196Z [32minfo[39m: Start Transaction Cleaning Process...
2024-06-24T15:15:00.362Z [32minfo[39m: Stop Transaction Cleaning Process...
2024-06-24T15:30:00.903Z [32minfo[39m: Start Transaction Cleaning Process...
2024-06-24T15:30:01.347Z [32minfo[39m: Stop Transaction Cleaning Process...
2024-06-25T13:15:00.669Z [32minfo[39m: Start Transaction Cleaning Process...
2024-06-25T13:15:00.868Z [32minfo[39m: Stop Transaction Cleaning Process...
2024-06-25T13:30:00.468Z [32minfo[39m: Start Transaction Cleaning Process...
2024-06-25T13:30:00.794Z [32minfo[39m: Stop Transaction Cleaning Process...
2024-06-25T13:45:00.273Z [32minfo[39m: Start Transaction Cleaning Process...
2024-06-25T13:45:00.443Z [32minfo[39m: Stop Transaction Cleaning Process...
2024-06-25T14:00:00.025Z [32minfo[39m: Start Transaction Cleaning Process...
2024-06-25T14:00:00.168Z [32minfo[39m: Stop Transaction Cleaning Process...
2024-06-25T14:15:00.810Z [32minfo[39m: Start Transaction Cleaning Process...
2024-06-25T14:15:00.985Z [32minfo[39m: Stop Transaction Cleaning Process...
2024-06-25T14:30:00.745Z [32minfo[39m: Start Transaction Cleaning Process...
2024-06-25T14:30:00.886Z [32minfo[39m: Stop Transaction Cleaning Process...
2024-06-25T14:45:00.133Z [32minfo[39m: Start Transaction Cleaning Process...
2024-06-25T14:45:00.473Z [32minfo[39m: Stop Transaction Cleaning Process...
2024-06-25T15:00:00.932Z [32minfo[39m: Start Transaction Cleaning Process...
2024-06-25T15:00:01.144Z [32minfo[39m: Stop Transaction Cleaning Process...
2024-06-25T15:15:00.673Z [32minfo[39m: Start Transaction Cleaning Process...
2024-06-25T15:15:00.842Z [32minfo[39m: Stop Transaction Cleaning Process...
2024-06-25T15:30:00.394Z [32minfo[39m: Start Transaction Cleaning Process...
2024-06-25T15:30:00.551Z [32minfo[39m: Stop Transaction Cleaning Process...
2024-06-25T15:45:00.125Z [32minfo[39m: Start Transaction Cleaning Process...
2024-06-25T15:45:00.296Z [32minfo[39m: Stop Transaction Cleaning Process...
2024-06-25T16:00:00.814Z [32minfo[39m: Start Transaction Cleaning Process...
2024-06-25T16:00:00.981Z [32minfo[39m: Stop Transaction Cleaning Process...
2024-06-25T16:15:00.470Z [32minfo[39m: Start Transaction Cleaning Process...
2024-06-25T16:15:00.637Z [32minfo[39m: Stop Transaction Cleaning Process...
2024-06-25T16:30:00.242Z [32minfo[39m: Start Transaction Cleaning Process...
2024-06-25T16:30:00.431Z [32minfo[39m: Stop Transaction Cleaning Process...
2024-06-25T16:45:00.988Z [32minfo[39m: Start Transaction Cleaning Process...
2024-06-25T16:45:01.296Z [32minfo[39m: Stop Transaction Cleaning Process...
2024-06-26T13:30:00.424Z [32minfo[39m: Start Transaction Cleaning Process...
2024-06-26T13:30:00.649Z [32minfo[39m: Stop Transaction Cleaning Process...
2024-06-26T13:45:00.157Z [32minfo[39m: Start Transaction Cleaning Process...
2024-06-26T13:45:00.363Z [32minfo[39m: Stop Transaction Cleaning Process...
2024-06-26T14:00:00.923Z [32minfo[39m: Start Transaction Cleaning Process...
2024-06-26T14:00:01.154Z [32minfo[39m: Stop Transaction Cleaning Process...
2024-06-26T14:15:00.693Z [32minfo[39m: Start Transaction Cleaning Process...
2024-06-26T14:15:01.339Z [32minfo[39m: Stop Transaction Cleaning Process...
2024-06-26T14:30:00.428Z [32minfo[39m: Start Transaction Cleaning Process...
2024-06-26T14:30:00.867Z [32minfo[39m: Stop Transaction Cleaning Process...
2024-06-26T14:45:00.207Z [32minfo[39m: Start Transaction Cleaning Process...
2024-06-26T14:45:00.513Z [32minfo[39m: Stop Transaction Cleaning Process...
2024-06-26T17:15:00.198Z [32minfo[39m: Start Transaction Cleaning Process...
2024-06-26T17:15:30.208Z [32minfo[39m: Stop Transaction Cleaning Process...
2024-06-26T17:30:00.057Z [32minfo[39m: Start Transaction Cleaning Process...
2024-06-26T17:30:30.061Z [32minfo[39m: Stop Transaction Cleaning Process...
2024-06-26T17:45:00.896Z [32minfo[39m: Start Transaction Cleaning Process...
2024-06-26T17:45:01.407Z [32minfo[39m: Stop Transaction Cleaning Process...
2024-06-26T18:00:00.089Z [32minfo[39m: Start Transaction Cleaning Process...
2024-06-26T18:00:00.379Z [32minfo[39m: Stop Transaction Cleaning Process...
2024-06-26T18:15:00.879Z [32minfo[39m: Start Transaction Cleaning Process...
2024-06-26T18:15:01.369Z [32minfo[39m: Stop Transaction Cleaning Process...
2024-06-26T18:30:00.726Z [32minfo[39m: Start Transaction Cleaning Process...
2024-06-26T18:30:00.970Z [32minfo[39m: Stop Transaction Cleaning Process...
2024-06-27T00:30:00.270Z [32minfo[39m: Start Transaction Cleaning Process...
2024-06-27T00:30:30.276Z [32minfo[39m: Stop Transaction Cleaning Process...
2024-06-27T00:45:00.136Z [32minfo[39m: Start Transaction Cleaning Process...
2024-06-27T00:45:30.139Z [32minfo[39m: Stop Transaction Cleaning Process...
2024-06-27T01:00:00.020Z [32minfo[39m: Start Transaction Cleaning Process...
2024-06-27T01:00:30.045Z [32minfo[39m: Stop Transaction Cleaning Process...
2024-06-27T01:15:00.864Z [32minfo[39m: Start Transaction Cleaning Process...
2024-06-27T01:15:06.747Z [32minfo[39m: Stop Transaction Cleaning Process...
2024-06-27T01:30:00.106Z [32minfo[39m: Start Transaction Cleaning Process...
2024-06-27T01:30:00.541Z [32minfo[39m: Stop Transaction Cleaning Process...
2024-06-27T01:45:00.870Z [32minfo[39m: Start Transaction Cleaning Process...
2024-06-27T01:45:01.433Z [32minfo[39m: Stop Transaction Cleaning Process...
2024-06-27T02:00:00.607Z [32minfo[39m: Start Transaction Cleaning Process...
2024-06-27T02:00:02.964Z [32minfo[39m: Stop Transaction Cleaning Process...
2024-06-27T02:15:00.343Z [32minfo[39m: Start Transaction Cleaning Process...
2024-06-27T02:15:00.500Z [32minfo[39m: Stop Transaction Cleaning Process...
2024-06-27T02:30:00.055Z [32minfo[39m: Start Transaction Cleaning Process...
2024-06-27T02:30:00.199Z [32minfo[39m: Stop Transaction Cleaning Process...
2024-06-27T13:30:00.495Z [32minfo[39m: Start Transaction Cleaning Process...
2024-06-27T13:30:00.937Z [32minfo[39m: Stop Transaction Cleaning Process...
2024-06-27T13:45:00.391Z [32minfo[39m: Start Transaction Cleaning Process...
2024-06-27T13:45:00.633Z [32minfo[39m: Stop Transaction Cleaning Process...
2024-06-27T14:00:00.204Z [32minfo[39m: Start Transaction Cleaning Process...
2024-06-27T14:00:00.558Z [32minfo[39m: Stop Transaction Cleaning Process...
2024-06-27T14:15:00.995Z [32minfo[39m: Start Transaction Cleaning Process...
2024-06-27T14:15:01.449Z [32minfo[39m: Stop Transaction Cleaning Process...
2024-06-27T14:30:00.756Z [32minfo[39m: Start Transaction Cleaning Process...
2024-06-27T14:30:01.156Z [32minfo[39m: Stop Transaction Cleaning Process...
2024-06-27T15:30:00.574Z [32minfo[39m: Start Transaction Cleaning Process...
2024-06-27T15:30:00.772Z [32minfo[39m: Stop Transaction Cleaning Process...
2024-06-27T15:45:00.395Z [32minfo[39m: Start Transaction Cleaning Process...
2024-06-27T15:45:00.818Z [32minfo[39m: Stop Transaction Cleaning Process...
2024-06-27T16:00:00.099Z [32minfo[39m: Start Transaction Cleaning Process...
2024-06-27T16:00:00.269Z [32minfo[39m: Stop Transaction Cleaning Process...
2024-06-27T16:15:00.902Z [32minfo[39m: Start Transaction Cleaning Process...
2024-06-27T16:15:01.357Z [32minfo[39m: Stop Transaction Cleaning Process...
2024-06-27T16:30:00.593Z [32minfo[39m: Start Transaction Cleaning Process...
2024-06-27T16:30:07.552Z [32minfo[39m: Stop Transaction Cleaning Process...
2024-06-27T16:45:00.362Z [32minfo[39m: Start Transaction Cleaning Process...
2024-06-27T16:45:00.788Z [32minfo[39m: Stop Transaction Cleaning Process...
2024-06-27T17:00:00.116Z [32minfo[39m: Start Transaction Cleaning Process...
2024-06-27T17:00:00.267Z [32minfo[39m: Stop Transaction Cleaning Process...
2024-06-27T17:15:00.898Z [32minfo[39m: Start Transaction Cleaning Process...
2024-06-27T17:15:01.043Z [32minfo[39m: Stop Transaction Cleaning Process...
2024-06-27T17:30:00.713Z [32minfo[39m: Start Transaction Cleaning Process...
2024-06-27T17:30:00.871Z [32minfo[39m: Stop Transaction Cleaning Process...
2024-06-27T17:45:00.523Z [32minfo[39m: Start Transaction Cleaning Process...
2024-06-27T17:45:00.686Z [32minfo[39m: Stop Transaction Cleaning Process...
2024-06-27T18:00:00.293Z [32minfo[39m: Start Transaction Cleaning Process...
2024-06-27T18:00:00.611Z [32minfo[39m: Stop Transaction Cleaning Process...
2024-06-27T18:15:00.084Z [32minfo[39m: Start Transaction Cleaning Process...
2024-06-27T18:15:00.390Z [32minfo[39m: Stop Transaction Cleaning Process...
2024-06-27T18:30:00.914Z [32minfo[39m: Start Transaction Cleaning Process...
2024-06-27T18:30:01.177Z [32minfo[39m: Stop Transaction Cleaning Process...
2024-06-27T18:45:00.726Z [32minfo[39m: Start Transaction Cleaning Process...
2024-06-27T18:45:00.901Z [32minfo[39m: Stop Transaction Cleaning Process...
2024-06-27T19:00:00.493Z [32minfo[39m: Start Transaction Cleaning Process...
2024-06-27T19:00:00.967Z [32minfo[39m: Stop Transaction Cleaning Process...
2024-06-27T19:15:00.343Z [32minfo[39m: Start Transaction Cleaning Process...
2024-06-27T19:15:00.544Z [32minfo[39m: Stop Transaction Cleaning Process...
2024-06-27T19:30:00.170Z [32minfo[39m: Start Transaction Cleaning Process...
2024-06-27T19:30:00.322Z [32minfo[39m: Stop Transaction Cleaning Process...
2024-06-27T19:45:00.978Z [32minfo[39m: Start Transaction Cleaning Process...
2024-06-27T19:45:01.130Z [32minfo[39m: Stop Transaction Cleaning Process...
2024-06-27T20:00:00.588Z [32minfo[39m: Start Transaction Cleaning Process...
2024-06-27T20:00:00.944Z [32minfo[39m: Stop Transaction Cleaning Process...
2024-06-27T20:15:00.441Z [32minfo[39m: Start Transaction Cleaning Process...
2024-06-27T20:15:00.864Z [32minfo[39m: Stop Transaction Cleaning Process...
2024-06-27T20:30:00.328Z [32minfo[39m: Start Transaction Cleaning Process...
2024-06-27T20:30:00.736Z [32minfo[39m: Stop Transaction Cleaning Process...
2024-06-27T20:45:00.188Z [32minfo[39m: Start Transaction Cleaning Process...
2024-06-27T20:45:00.388Z [32minfo[39m: Stop Transaction Cleaning Process...
2024-06-27T21:00:00.064Z [32minfo[39m: Start Transaction Cleaning Process...
2024-06-27T21:00:00.380Z [32minfo[39m: Stop Transaction Cleaning Process...
2024-06-28T10:45:00.528Z [32minfo[39m: Start Transaction Cleaning Process...
2024-06-28T10:45:00.713Z [32minfo[39m: Stop Transaction Cleaning Process...
2024-06-28T11:00:00.355Z [32minfo[39m: Start Transaction Cleaning Process...
2024-06-28T11:00:00.855Z [32minfo[39m: Stop Transaction Cleaning Process...
2024-06-28T11:15:00.174Z [32minfo[39m: Start Transaction Cleaning Process...
2024-06-28T11:15:00.576Z [32minfo[39m: Stop Transaction Cleaning Process...
2024-06-28T11:30:00.350Z [32minfo[39m: Start Transaction Cleaning Process...
2024-06-28T11:30:00.496Z [32minfo[39m: Stop Transaction Cleaning Process...
2024-06-28T11:45:00.142Z [32minfo[39m: Start Transaction Cleaning Process...
2024-06-28T11:45:00.429Z [32minfo[39m: Stop Transaction Cleaning Process...
